\BOOKMARK [0][-]{chapter.1}{\376\377\000L\000i\000n\000u\000x\133\211\210\305}{}% 1
\BOOKMARK [1][-]{section.1.1}{\376\377\000x\0008\0006\136\163\123\360}{chapter.1}% 2
\BOOKMARK [2][-]{subsection.1.1.1}{\376\377\206\132\142\337\147\072}{section.1.1}% 3
\BOOKMARK [2][-]{subsection.1.1.2}{\376\377\123\314\174\373\176\337}{section.1.1}% 4
\BOOKMARK [2][-]{subsection.1.1.3}{\376\377\133\211\210\305}{section.1.1}% 5
\BOOKMARK [2][-]{subsection.1.1.4}{\376\377\217\157\116\366\156\220}{section.1.1}% 6
\BOOKMARK [1][-]{section.1.2}{\376\377\000A\000R\000M\136\163\123\360\040\024\150\021\203\223\155\076}{chapter.1}% 7
\BOOKMARK [2][-]{subsection.1.2.1}{\376\377\173\200\116\313}{section.1.2}% 8
\BOOKMARK [2][-]{subsection.1.2.2}{\376\377\160\347\137\125\174\373\176\337\225\134\120\317}{section.1.2}% 9
\BOOKMARK [2][-]{subsection.1.2.3}{\376\377\217\157\116\366\156\220}{section.1.2}% 10
\BOOKMARK [2][-]{subsection.1.2.4}{\376\377\145\340\176\277\177\121\176\334\221\115\177\156}{section.1.2}% 11
\BOOKMARK [2][-]{subsection.1.2.5}{\376\377\225\134\120\317\131\007\116\375}{section.1.2}% 12
\BOOKMARK [0][-]{chapter.2}{\376\377\163\257\130\203\221\115\177\156}{}% 13
\BOOKMARK [1][-]{section.2.1}{\376\377\000C\000M\000a\000k\000e}{chapter.2}% 14
\BOOKMARK [2][-]{subsection.2.1.1}{\376\377\173\200\116\313}{section.2.1}% 15
\BOOKMARK [2][-]{subsection.2.1.2}{\376\377\133\211\210\305}{section.2.1}% 16
\BOOKMARK [1][-]{section.2.2}{\376\377\000B\000o\000o\000s\000t\000\040\000C\000+\000+\000\040\000L\000i\000b\000r\000a\000r\000i\000e\000s}{chapter.2}% 17
\BOOKMARK [2][-]{subsection.2.2.1}{\376\377\173\200\116\313}{section.2.2}% 18
\BOOKMARK [1][-]{section.2.3}{\376\377\000D\000o\000x\000y\000g\000e\000n}{chapter.2}% 19
\BOOKMARK [2][-]{subsection.2.3.1}{\376\377\173\200\116\313}{section.2.3}% 20
\BOOKMARK [1][-]{section.2.4}{\376\377\000P\000y\000t\000h\000o\000n}{chapter.2}% 21
\BOOKMARK [2][-]{subsection.2.4.1}{\376\377\173\200\116\313}{section.2.4}% 22
\BOOKMARK [1][-]{section.2.5}{\376\377\000S\000W\000I\000G}{chapter.2}% 23
\BOOKMARK [2][-]{subsection.2.5.1}{\376\377\173\200\116\313}{section.2.5}% 24
\BOOKMARK [1][-]{section.2.6}{\376\377\000U\000S\000R\000P}{chapter.2}% 25
\BOOKMARK [2][-]{subsection.2.6.1}{\376\377\173\200\116\313}{section.2.6}% 26
\BOOKMARK [0][-]{section*.4}{\376\377\123\302\200\003\145\207\163\056}{}% 27
